
ASEM-51 V1.3                                         Copyright (c) 2002 by W.W. Heinz                                         PAGE 1





       MCS-51 Family Macro Assembler   A S E M - 5 1   V 1.3
       =====================================================



	Source File:	D:\Electonices design\assembly lan_code_3\7_SEG.ASM
	Object File:	D:\Electonices design\assembly lan_code_3\7_SEG.hex
	List File:	D:\Electonices design\assembly lan_code_3\7_SEG.lst



 Line  I  Addr  Code            Source

    1:		N      0000	ORG 0000h
    2:
    3:
    4:		N      003F	NUM_0 EQU 00111111B
    5:		N      0006	NUM_1 EQU 00000110B
    6:		N      005B	NUM_2 EQU 01011011B
    7:		N      004F	NUM_3 EQU 01001111B
    8:		N      0066	NUM_4 EQU 01100110B
    9:		N      0039	LET_C EQU 00111001B
   10:
   11:	  0000			start:
   12:				;jb p3.0,button_1
   13:
   14:	  0000	85 06 A0	MOV P2,NUM_1
   15:				;MOV P2,#0
   16:
   17:				; button_1:
   18:				; mov p1, NUM_4
   19:				 ;CALL BELL_ON
   20:				;ret
   21:				;BELL_ON:
   22:				   ;SETB P1.7
   23:	  0003	80 FB		jmp start
   24:				   END





                     register banks used:  ---

                     no errors




ASEM-51 V1.3                                         Copyright (c) 2002 by W.W. Heinz                                         PAGE 2





	       L I S T   O F   S Y M B O L S
	       =============================


SYMBOL				  TYPE     VALUE	LINE
------------------------------------------------------------
??ASEM_51			  NUMBER    8051
??VERSION			  NUMBER    0130
AC				  BIT	      D6
ACC				  DATA	      E0
B				  DATA	      F0
CY				  BIT	      D7
DPH				  DATA	      83
DPL				  DATA	      82
EA				  BIT	      AF
ES				  BIT	      AC
ET0				  BIT	      A9
ET1				  BIT	      AB
EX0				  BIT	      A8
EX1				  BIT	      AA
EXTI0				  CODE	    0003
EXTI1				  CODE	    0013
F0				  BIT	      D5
IE				  DATA	      A8
IE0				  BIT	      89
IE1				  BIT	      8B
INT0				  BIT	      B2
INT1				  BIT	      B3
IP				  DATA	      B8
IT0				  BIT	      88
IT1				  BIT	      8A
LET_C				  NUMBER    0039	   9
NUM_0				  NUMBER    003F	   4
NUM_1				  NUMBER    0006	   5
NUM_2				  NUMBER    005B	   6
NUM_3				  NUMBER    004F	   7
NUM_4				  NUMBER    0066	   8
OV				  BIT	      D2
P				  BIT	      D0
P0				  DATA	      80
P1				  DATA	      90
P2				  DATA	      A0
P3				  DATA	      B0
PCON				  DATA	      87
PS				  BIT	      BC
PSW				  DATA	      D0
PT0				  BIT	      B9
PT1				  BIT	      BB
PX0				  BIT	      B8
PX1				  BIT	      BA
RB8				  BIT	      9A
RD				  BIT	      B7
REN				  BIT	      9C
RESET				  CODE	    0000
RI				  BIT	      98
RS0				  BIT	      D3

ASEM-51 V1.3                                         Copyright (c) 2002 by W.W. Heinz                                         PAGE 3



SYMBOL				  TYPE     VALUE	LINE
------------------------------------------------------------
RS1				  BIT	      D4
RXD				  BIT	      B0
SBUF				  DATA	      99
SCON				  DATA	      98
SINT				  CODE	    0023
SM0				  BIT	      9F
SM1				  BIT	      9E
SM2				  BIT	      9D
SP				  DATA	      81
START				  CODE	    0000	  11
T0				  BIT	      B4
T1				  BIT	      B5
TB8				  BIT	      9B
TCON				  DATA	      88
TF0				  BIT	      8D
TF1				  BIT	      8F
TH0				  DATA	      8C
TH1				  DATA	      8D
TI				  BIT	      99
TIMER0				  CODE	    000B
TIMER1				  CODE	    001B
TL0				  DATA	      8A
TL1				  DATA	      8B
TMOD				  DATA	      89
TR0				  BIT	      8C
TR1				  BIT	      8E
TXD				  BIT	      B1
WR				  BIT	      B6
