
ASEM-51 V1.3                                         Copyright (c) 2002 by W.W. Heinz                                         PAGE 1





       MCS-51 Family Macro Assembler   A S E M - 5 1   V 1.3
       =====================================================



	Source File:	D:\Electonices design\assembly lan_code_3\led2.asm
	Object File:	D:\Electonices design\assembly lan_code_3\led2.hex
	List File:	D:\Electonices design\assembly lan_code_3\led2.lst



 Line  I  Addr  Code            Source

    1:		N      0000	org 00h
    2:	  0000	75 A0 00	      mov p2,#0
    3:	  0003	7C 0A		start:mov r4,#10
    4:	  0005	D2 A0		     setb p2.0
    5:	  0007	12 00 57	     call delay
    6:	  000A	D2 A7		     setb p2.7
    7:	  000C	12 00 57	     call delay
    8:	  000F	D2 A1		     setb p2.1
    9:	  0011	12 00 57	     call delay
   10:	  0014	D2 A6		     setb p2.6
   11:	  0016	12 00 57	     call delay
   12:	  0019	D2 A2		     setb p2.2
   13:	  001B	12 00 57	     call delay
   14:	  001E	D2 A5		     setb p2.5
   15:	  0020	12 00 57	     call delay
   16:	  0023	D2 A3		     setb p2.3
   17:	  0025	12 00 57	     call delay
   18:	  0028	D2 A4		     setb p2.4
   19:	  002A	C2 A0		     clr p2.0
   20:	  002C	12 00 57	     call delay
   21:	  002F	C2 A7		     clr p2.7
   22:	  0031	12 00 57	     call delay
   23:	  0034	C2 A1		     clr p2.1
   24:	  0036	12 00 57	     call delay
   25:	  0039	C2 A6		     clr p2.6
   26:	  003B	12 00 57	     call delay
   27:	  003E	C2 A2		     clr p2.2
   28:	  0040	12 00 57	     call delay
   29:	  0043	C2 A5		     clr p2.5
   30:	  0045	12 00 57	     call delay
   31:
   32:	  0048	12 00 57	     call delay
   33:	  004B	C2 A3		     clr p2.3
   34:	  004D	12 00 57	     call delay
   35:	  0050	C2 A4		     clr p2.4
   36:	  0052	12 00 57	     call delay
   37:	  0055	80 AC		     jmp start
   38:
   39:
   40:
   41:
   42:
   43:

ASEM-51 V1.3                                         Copyright (c) 2002 by W.W. Heinz                                         PAGE 2



 Line  I  Addr  Code            Source

   44:	  0057			delay:
   45:	  0057	79 E1		     mov R1, #225
   46:	  0059	78 E1		     Slow: mov R0, #225
   47:	  005B	00		     Slower: NOP
   48:	  005C	D8 FD		     DJNZ R0, slower
   49:	  005E	D9 F9		     DJNZ R1, slow
   50:	  0060	22		     RET
   51:				 END





                     register banks used:  ---

                     no errors




ASEM-51 V1.3                                         Copyright (c) 2002 by W.W. Heinz                                         PAGE 3





	       L I S T   O F   S Y M B O L S
	       =============================


SYMBOL				  TYPE     VALUE	LINE
------------------------------------------------------------
??ASEM_51			  NUMBER    8051
??VERSION			  NUMBER    0130
AC				  BIT	      D6
ACC				  DATA	      E0
B				  DATA	      F0
CY				  BIT	      D7
DELAY				  CODE	    0057	  44
DPH				  DATA	      83
DPL				  DATA	      82
EA				  BIT	      AF
ES				  BIT	      AC
ET0				  BIT	      A9
ET1				  BIT	      AB
EX0				  BIT	      A8
EX1				  BIT	      AA
EXTI0				  CODE	    0003
EXTI1				  CODE	    0013
F0				  BIT	      D5
IE				  DATA	      A8
IE0				  BIT	      89
IE1				  BIT	      8B
INT0				  BIT	      B2
INT1				  BIT	      B3
IP				  DATA	      B8
IT0				  BIT	      88
IT1				  BIT	      8A
OV				  BIT	      D2
P				  BIT	      D0
P0				  DATA	      80
P1				  DATA	      90
P2				  DATA	      A0
P3				  DATA	      B0
PCON				  DATA	      87
PS				  BIT	      BC
PSW				  DATA	      D0
PT0				  BIT	      B9
PT1				  BIT	      BB
PX0				  BIT	      B8
PX1				  BIT	      BA
RB8				  BIT	      9A
RD				  BIT	      B7
REN				  BIT	      9C
RESET				  CODE	    0000
RI				  BIT	      98
RS0				  BIT	      D3
RS1				  BIT	      D4
RXD				  BIT	      B0
SBUF				  DATA	      99
SCON				  DATA	      98
SINT				  CODE	    0023

ASEM-51 V1.3                                         Copyright (c) 2002 by W.W. Heinz                                         PAGE 4



SYMBOL				  TYPE     VALUE	LINE
------------------------------------------------------------
SLOW				  CODE	    0059	  46
SLOWER				  CODE	    005B	  47
SM0				  BIT	      9F
SM1				  BIT	      9E
SM2				  BIT	      9D
SP				  DATA	      81
START				  CODE	    0003	   3
T0				  BIT	      B4
T1				  BIT	      B5
TB8				  BIT	      9B
TCON				  DATA	      88
TF0				  BIT	      8D
TF1				  BIT	      8F
TH0				  DATA	      8C
TH1				  DATA	      8D
TI				  BIT	      99
TIMER0				  CODE	    000B
TIMER1				  CODE	    001B
TL0				  DATA	      8A
TL1				  DATA	      8B
TMOD				  DATA	      89
TR0				  BIT	      8C
TR1				  BIT	      8E
TXD				  BIT	      B1
WR				  BIT	      B6
