
ASEM-51 V1.3                                         Copyright (c) 2002 by W.W. Heinz                                         PAGE 1





       MCS-51 Family Macro Assembler   A S E M - 5 1   V 1.3
       =====================================================



	Source File:	D:\Electonices design\assembly lan_code_3\led3.asm
	Object File:	D:\Electonices design\assembly lan_code_3\led3.hex
	List File:	D:\Electonices design\assembly lan_code_3\led3.lst



 Line  I  Addr  Code            Source

    1:		N      0000	org 00h
    2:	  0000	75 A0 00	      mov p2,#0
    3:	  0003			start:
    4:	  0003	75 A0 03	     mov p2,#003h
    5:	  0006	12 00 35	     call delay
    6:	  0009	75 A0 00	     mov p2,#0
    7:	  000C	12 00 35	     call delay
    8:	  000F	75 A0 0C	     mov p2,#00ch
    9:	  0012	12 00 35	     call delay
   10:	  0015	75 A0 00	     mov p2,#0
   11:	  0018	12 00 35	     call delay
   12:	  001B	75 A0 30	     mov p2,#030h
   13:	  001E	12 00 35	     call delay
   14:	  0021	75 A0 00	     mov p2,#0
   15:	  0024	12 00 35	     call delay
   16:	  0027	75 A0 C0	     mov p2,#0c0h
   17:	  002A	12 00 35	     call delay
   18:	  002D	75 A0 00	     mov p2,#0
   19:	  0030	12 00 35	     call delay
   20:	  0033	80 CE		     jmp start
   21:
   22:
   23:
   24:
   25:
   26:
   27:	  0035			delay:
   28:	  0035	79 E1		     mov R1, #225
   29:	  0037	78 E1		     Slow: mov R0, #225
   30:	  0039	00		     Slower: NOP
   31:	  003A	D8 FD		     DJNZ R0, slower
   32:	  003C	D9 F9		     DJNZ R1, slow
   33:	  003E	22		     RET
   34:				 END





                     register banks used:  ---

                     no errors


ASEM-51 V1.3                                         Copyright (c) 2002 by W.W. Heinz                                         PAGE 2






ASEM-51 V1.3                                         Copyright (c) 2002 by W.W. Heinz                                         PAGE 3





	       L I S T   O F   S Y M B O L S
	       =============================


SYMBOL				  TYPE     VALUE	LINE
------------------------------------------------------------
??ASEM_51			  NUMBER    8051
??VERSION			  NUMBER    0130
AC				  BIT	      D6
ACC				  DATA	      E0
B				  DATA	      F0
CY				  BIT	      D7
DELAY				  CODE	    0035	  27
DPH				  DATA	      83
DPL				  DATA	      82
EA				  BIT	      AF
ES				  BIT	      AC
ET0				  BIT	      A9
ET1				  BIT	      AB
EX0				  BIT	      A8
EX1				  BIT	      AA
EXTI0				  CODE	    0003
EXTI1				  CODE	    0013
F0				  BIT	      D5
IE				  DATA	      A8
IE0				  BIT	      89
IE1				  BIT	      8B
INT0				  BIT	      B2
INT1				  BIT	      B3
IP				  DATA	      B8
IT0				  BIT	      88
IT1				  BIT	      8A
OV				  BIT	      D2
P				  BIT	      D0
P0				  DATA	      80
P1				  DATA	      90
P2				  DATA	      A0
P3				  DATA	      B0
PCON				  DATA	      87
PS				  BIT	      BC
PSW				  DATA	      D0
PT0				  BIT	      B9
PT1				  BIT	      BB
PX0				  BIT	      B8
PX1				  BIT	      BA
RB8				  BIT	      9A
RD				  BIT	      B7
REN				  BIT	      9C
RESET				  CODE	    0000
RI				  BIT	      98
RS0				  BIT	      D3
RS1				  BIT	      D4
RXD				  BIT	      B0
SBUF				  DATA	      99
SCON				  DATA	      98
SINT				  CODE	    0023

ASEM-51 V1.3                                         Copyright (c) 2002 by W.W. Heinz                                         PAGE 4



SYMBOL				  TYPE     VALUE	LINE
------------------------------------------------------------
SLOW				  CODE	    0037	  29
SLOWER				  CODE	    0039	  30
SM0				  BIT	      9F
SM1				  BIT	      9E
SM2				  BIT	      9D
SP				  DATA	      81
START				  CODE	    0003	   3
T0				  BIT	      B4
T1				  BIT	      B5
TB8				  BIT	      9B
TCON				  DATA	      88
TF0				  BIT	      8D
TF1				  BIT	      8F
TH0				  DATA	      8C
TH1				  DATA	      8D
TI				  BIT	      99
TIMER0				  CODE	    000B
TIMER1				  CODE	    001B
TL0				  DATA	      8A
TL1				  DATA	      8B
TMOD				  DATA	      89
TR0				  BIT	      8C
TR1				  BIT	      8E
TXD				  BIT	      B1
WR				  BIT	      B6
